[0.173s] DEBUG:colcon:Command line arguments: ['/usr/bin/colcon', 'build']
[0.173s] DEBUG:colcon:Parsed command line arguments: Namespace(log_base=None, log_level=None, verb_name='build', build_base='build', install_base='install', merge_install=False, symlink_install=False, test_result_base=None, continue_on_error=False, executor='parallel', parallel_workers=8, event_handlers=None, ignore_user_meta=False, metas=['./colcon.meta'], base_paths=['.'], packages_ignore=None, packages_ignore_regex=None, paths=None, packages_up_to=None, packages_up_to_regex=None, packages_above=None, packages_above_and_dependencies=None, packages_above_depth=None, packages_select_by_dep=None, packages_skip_by_dep=None, packages_skip_up_to=None, packages_select_build_failed=False, packages_skip_build_finished=False, packages_select_test_failures=False, packages_skip_test_passed=False, packages_select=None, packages_skip=None, packages_select_regex=None, packages_skip_regex=None, packages_start=None, packages_end=None, allow_overriding=[], cmake_args=None, cmake_target=None, cmake_target_skip_unavailable=False, cmake_clean_cache=False, cmake_clean_first=False, cmake_force_configure=False, ament_cmake_args=None, catkin_cmake_args=None, catkin_skip_building_tests=False, mixin_files=None, mixin=None, verb_parser=<colcon_mixin.mixin.mixin_argument.MixinArgumentDecorator object at 0x7488578f6d70>, verb_extension=<colcon_core.verb.build.BuildVerb object at 0x748857a67d00>, main=<bound method BuildVerb.main of <colcon_core.verb.build.BuildVerb object at 0x748857a67d00>>, mixin_verb=('build',))
[0.418s] Level 1:colcon.colcon_core.package_discovery:discover_packages(colcon_meta) check parameters
[0.418s] Level 1:colcon.colcon_core.package_discovery:discover_packages(recursive) check parameters
[0.418s] Level 1:colcon.colcon_core.package_discovery:discover_packages(ignore) check parameters
[0.418s] Level 1:colcon.colcon_core.package_discovery:discover_packages(path) check parameters
[0.418s] Level 1:colcon.colcon_core.package_discovery:discover_packages(colcon_meta) discover
[0.418s] Level 1:colcon.colcon_core.package_discovery:discover_packages(recursive) discover
[0.418s] INFO:colcon.colcon_core.package_discovery:Crawling recursively for packages in '/home/erik/ros2_ws'
[0.418s] Level 1:colcon.colcon_core.package_identification:_identify(.) by extensions ['ignore', 'ignore_ament_install']
[0.419s] Level 1:colcon.colcon_core.package_identification:_identify(.) by extension 'ignore'
[0.419s] Level 1:colcon.colcon_core.package_identification:_identify(.) by extension 'ignore_ament_install'
[0.419s] Level 1:colcon.colcon_core.package_identification:_identify(.) by extensions ['colcon_pkg']
[0.419s] Level 1:colcon.colcon_core.package_identification:_identify(.) by extension 'colcon_pkg'
[0.419s] Level 1:colcon.colcon_core.package_identification:_identify(.) by extensions ['colcon_meta']
[0.419s] Level 1:colcon.colcon_core.package_identification:_identify(.) by extension 'colcon_meta'
[0.419s] Level 1:colcon.colcon_core.package_identification:_identify(.) by extensions ['ros']
[0.419s] Level 1:colcon.colcon_core.package_identification:_identify(.) by extension 'ros'
[0.434s] Level 1:colcon.colcon_core.package_identification:_identify(.) by extensions ['cmake', 'python']
[0.434s] Level 1:colcon.colcon_core.package_identification:_identify(.) by extension 'cmake'
[0.434s] Level 1:colcon.colcon_core.package_identification:_identify(.) by extension 'python'
[0.434s] Level 1:colcon.colcon_core.package_identification:_identify(.) by extensions ['python_setup_py']
[0.434s] Level 1:colcon.colcon_core.package_identification:_identify(.) by extension 'python_setup_py'
[0.434s] Level 1:colcon.colcon_core.package_identification:_identify(build) by extensions ['ignore', 'ignore_ament_install']
[0.434s] Level 1:colcon.colcon_core.package_identification:_identify(build) by extension 'ignore'
[0.434s] Level 1:colcon.colcon_core.package_identification:_identify(build) ignored
[0.435s] Level 1:colcon.colcon_core.package_identification:_identify(install) by extensions ['ignore', 'ignore_ament_install']
[0.435s] Level 1:colcon.colcon_core.package_identification:_identify(install) by extension 'ignore'
[0.435s] Level 1:colcon.colcon_core.package_identification:_identify(install) ignored
[0.435s] Level 1:colcon.colcon_core.package_identification:_identify(log) by extensions ['ignore', 'ignore_ament_install']
[0.435s] Level 1:colcon.colcon_core.package_identification:_identify(log) by extension 'ignore'
[0.435s] Level 1:colcon.colcon_core.package_identification:_identify(log) ignored
[0.435s] Level 1:colcon.colcon_core.package_identification:_identify(src) by extensions ['ignore', 'ignore_ament_install']
[0.435s] Level 1:colcon.colcon_core.package_identification:_identify(src) by extension 'ignore'
[0.435s] Level 1:colcon.colcon_core.package_identification:_identify(src) by extension 'ignore_ament_install'
[0.435s] Level 1:colcon.colcon_core.package_identification:_identify(src) by extensions ['colcon_pkg']
[0.435s] Level 1:colcon.colcon_core.package_identification:_identify(src) by extension 'colcon_pkg'
[0.435s] Level 1:colcon.colcon_core.package_identification:_identify(src) by extensions ['colcon_meta']
[0.435s] Level 1:colcon.colcon_core.package_identification:_identify(src) by extension 'colcon_meta'
[0.436s] Level 1:colcon.colcon_core.package_identification:_identify(src) by extensions ['ros']
[0.436s] Level 1:colcon.colcon_core.package_identification:_identify(src) by extension 'ros'
[0.436s] Level 1:colcon.colcon_core.package_identification:_identify(src) by extensions ['cmake', 'python']
[0.436s] Level 1:colcon.colcon_core.package_identification:_identify(src) by extension 'cmake'
[0.436s] Level 1:colcon.colcon_core.package_identification:_identify(src) by extension 'python'
[0.436s] Level 1:colcon.colcon_core.package_identification:_identify(src) by extensions ['python_setup_py']
[0.436s] Level 1:colcon.colcon_core.package_identification:_identify(src) by extension 'python_setup_py'
[0.436s] Level 1:colcon.colcon_core.package_identification:_identify(src/bt_robot) by extensions ['ignore', 'ignore_ament_install']
[0.436s] Level 1:colcon.colcon_core.package_identification:_identify(src/bt_robot) by extension 'ignore'
[0.436s] Level 1:colcon.colcon_core.package_identification:_identify(src/bt_robot) by extension 'ignore_ament_install'
[0.436s] Level 1:colcon.colcon_core.package_identification:_identify(src/bt_robot) by extensions ['colcon_pkg']
[0.436s] Level 1:colcon.colcon_core.package_identification:_identify(src/bt_robot) by extension 'colcon_pkg'
[0.436s] Level 1:colcon.colcon_core.package_identification:_identify(src/bt_robot) by extensions ['colcon_meta']
[0.436s] Level 1:colcon.colcon_core.package_identification:_identify(src/bt_robot) by extension 'colcon_meta'
[0.436s] Level 1:colcon.colcon_core.package_identification:_identify(src/bt_robot) by extensions ['ros']
[0.436s] Level 1:colcon.colcon_core.package_identification:_identify(src/bt_robot) by extension 'ros'
[0.440s] DEBUG:colcon.colcon_core.package_identification:Package 'src/bt_robot' with type 'ros.ament_python' and name 'bt_robot'
[0.440s] Level 1:colcon.colcon_core.package_discovery:discover_packages(recursive) using defaults
[0.440s] Level 1:colcon.colcon_core.package_discovery:discover_packages(ignore) discover
[0.441s] Level 1:colcon.colcon_core.package_discovery:discover_packages(ignore) using defaults
[0.441s] Level 1:colcon.colcon_core.package_discovery:discover_packages(path) discover
[0.441s] Level 1:colcon.colcon_core.package_discovery:discover_packages(path) using defaults
[0.496s] Level 1:colcon.colcon_core.package_discovery:discover_packages(prefix_path) check parameters
[0.496s] Level 1:colcon.colcon_core.package_discovery:discover_packages(prefix_path) discover
[0.497s] WARNING:colcon.colcon_ros.prefix_path.ament:The path '/home/erik/ros2_ws/install/bt_robot' in the environment variable AMENT_PREFIX_PATH doesn't exist
[0.498s] DEBUG:colcon.colcon_installed_package_information.package_discovery:Found 0 installed packages in /home/erik/ros2_ws/install
[0.501s] DEBUG:colcon.colcon_installed_package_information.package_discovery:Found 469 installed packages in /opt/ros/humble
[0.504s] Level 1:colcon.colcon_core.package_discovery:discover_packages(prefix_path) using defaults
[0.581s] Level 5:colcon.colcon_core.verb:set package 'bt_robot' build argument 'cmake_args' from command line to 'None'
[0.581s] Level 5:colcon.colcon_core.verb:set package 'bt_robot' build argument 'cmake_target' from command line to 'None'
[0.581s] Level 5:colcon.colcon_core.verb:set package 'bt_robot' build argument 'cmake_target_skip_unavailable' from command line to 'False'
[0.581s] Level 5:colcon.colcon_core.verb:set package 'bt_robot' build argument 'cmake_clean_cache' from command line to 'False'
[0.581s] Level 5:colcon.colcon_core.verb:set package 'bt_robot' build argument 'cmake_clean_first' from command line to 'False'
[0.581s] Level 5:colcon.colcon_core.verb:set package 'bt_robot' build argument 'cmake_force_configure' from command line to 'False'
[0.581s] Level 5:colcon.colcon_core.verb:set package 'bt_robot' build argument 'ament_cmake_args' from command line to 'None'
[0.581s] Level 5:colcon.colcon_core.verb:set package 'bt_robot' build argument 'catkin_cmake_args' from command line to 'None'
[0.581s] Level 5:colcon.colcon_core.verb:set package 'bt_robot' build argument 'catkin_skip_building_tests' from command line to 'False'
[0.581s] DEBUG:colcon.colcon_core.verb:Building package 'bt_robot' with the following arguments: {'ament_cmake_args': None, 'build_base': '/home/erik/ros2_ws/build/bt_robot', 'catkin_cmake_args': None, 'catkin_skip_building_tests': False, 'cmake_args': None, 'cmake_clean_cache': False, 'cmake_clean_first': False, 'cmake_force_configure': False, 'cmake_target': None, 'cmake_target_skip_unavailable': False, 'install_base': '/home/erik/ros2_ws/install/bt_robot', 'merge_install': False, 'path': '/home/erik/ros2_ws/src/bt_robot', 'symlink_install': False, 'test_result_base': None}
[0.581s] INFO:colcon.colcon_core.executor:Executing jobs using 'parallel' executor
[0.583s] DEBUG:colcon.colcon_parallel_executor.executor.parallel:run_until_complete
[0.584s] INFO:colcon.colcon_ros.task.ament_python.build:Building ROS package in '/home/erik/ros2_ws/src/bt_robot' with build type 'ament_python'
[0.584s] Level 1:colcon.colcon_core.shell:create_environment_hook('bt_robot', 'ament_prefix_path')
[0.587s] INFO:colcon.colcon_core.plugin_system:Skipping extension 'colcon_core.shell.bat': Not used on non-Windows systems
[0.588s] INFO:colcon.colcon_core.shell:Creating environment hook '/home/erik/ros2_ws/install/bt_robot/share/bt_robot/hook/ament_prefix_path.ps1'
[0.588s] INFO:colcon.colcon_core.shell:Creating environment descriptor '/home/erik/ros2_ws/install/bt_robot/share/bt_robot/hook/ament_prefix_path.dsv'
[0.589s] INFO:colcon.colcon_core.shell:Creating environment hook '/home/erik/ros2_ws/install/bt_robot/share/bt_robot/hook/ament_prefix_path.sh'
[0.590s] INFO:colcon.colcon_core.shell:Skip shell extension 'powershell' for command environment: Not usable outside of PowerShell
[0.590s] DEBUG:colcon.colcon_core.shell:Skip shell extension 'dsv' for command environment
[1.011s] INFO:colcon.colcon_core.task.python.build:Building Python package in '/home/erik/ros2_ws/src/bt_robot'
[1.012s] INFO:colcon.colcon_core.shell:Skip shell extension 'powershell' for command environment: Not usable outside of PowerShell
[1.012s] DEBUG:colcon.colcon_core.shell:Skip shell extension 'dsv' for command environment
[1.606s] DEBUG:colcon.colcon_core.event_handler.log_command:Invoking command in '/home/erik/ros2_ws/src/bt_robot': PYTHONPATH=/home/erik/ros2_ws/build/bt_robot/prefix_override:/usr/lib/python3/dist-packages/colcon_core/task/python/colcon_distutils_commands:/home/erik/ros2_ws/install/bt_robot/lib/python3.10/site-packages:${PYTHONPATH} /usr/bin/python3 -W ignore:setup.py install is deprecated -W ignore:easy_install command is deprecated setup.py egg_info --egg-base ../../build/bt_robot build --build-base /home/erik/ros2_ws/build/bt_robot/build install --record /home/erik/ros2_ws/build/bt_robot/install.log --single-version-externally-managed install_data
[2.106s] DEBUG:colcon.colcon_core.event_handler.log_command:Invoked command in '/home/erik/ros2_ws/src/bt_robot' returned '0': PYTHONPATH=/home/erik/ros2_ws/build/bt_robot/prefix_override:/usr/lib/python3/dist-packages/colcon_core/task/python/colcon_distutils_commands:/home/erik/ros2_ws/install/bt_robot/lib/python3.10/site-packages:${PYTHONPATH} /usr/bin/python3 -W ignore:setup.py install is deprecated -W ignore:easy_install command is deprecated setup.py egg_info --egg-base ../../build/bt_robot build --build-base /home/erik/ros2_ws/build/bt_robot/build install --record /home/erik/ros2_ws/build/bt_robot/install.log --single-version-externally-managed install_data
[2.112s] Level 1:colcon.colcon_core.environment:checking '/home/erik/ros2_ws/install/bt_robot' for CMake module files
[2.114s] Level 1:colcon.colcon_core.environment:checking '/home/erik/ros2_ws/install/bt_robot' for CMake config files
[2.116s] Level 1:colcon.colcon_core.environment:checking '/home/erik/ros2_ws/install/bt_robot/lib'
[2.116s] Level 1:colcon.colcon_core.environment:checking '/home/erik/ros2_ws/install/bt_robot/bin'
[2.117s] Level 1:colcon.colcon_core.environment:checking '/home/erik/ros2_ws/install/bt_robot/lib/pkgconfig/bt_robot.pc'
[2.117s] Level 1:colcon.colcon_core.environment:checking '/home/erik/ros2_ws/install/bt_robot/lib/python3.10/site-packages'
[2.117s] Level 1:colcon.colcon_core.shell:create_environment_hook('bt_robot', 'pythonpath')
[2.118s] INFO:colcon.colcon_core.shell:Creating environment hook '/home/erik/ros2_ws/install/bt_robot/share/bt_robot/hook/pythonpath.ps1'
[2.120s] INFO:colcon.colcon_core.shell:Creating environment descriptor '/home/erik/ros2_ws/install/bt_robot/share/bt_robot/hook/pythonpath.dsv'
[2.121s] INFO:colcon.colcon_core.shell:Creating environment hook '/home/erik/ros2_ws/install/bt_robot/share/bt_robot/hook/pythonpath.sh'
[2.123s] Level 1:colcon.colcon_core.environment:checking '/home/erik/ros2_ws/install/bt_robot/bin'
[2.123s] Level 1:colcon.colcon_core.environment:create_environment_scripts_only(bt_robot)
[2.124s] INFO:colcon.colcon_core.shell:Creating package script '/home/erik/ros2_ws/install/bt_robot/share/bt_robot/package.ps1'
[2.126s] INFO:colcon.colcon_core.shell:Creating package descriptor '/home/erik/ros2_ws/install/bt_robot/share/bt_robot/package.dsv'
[2.127s] INFO:colcon.colcon_core.shell:Creating package script '/home/erik/ros2_ws/install/bt_robot/share/bt_robot/package.sh'
[2.129s] INFO:colcon.colcon_core.shell:Creating package script '/home/erik/ros2_ws/install/bt_robot/share/bt_robot/package.bash'
[2.132s] INFO:colcon.colcon_core.shell:Creating package script '/home/erik/ros2_ws/install/bt_robot/share/bt_robot/package.zsh'
[2.134s] Level 1:colcon.colcon_core.environment:create_file_with_runtime_dependencies(/home/erik/ros2_ws/install/bt_robot/share/colcon-core/packages/bt_robot)
[2.136s] DEBUG:colcon.colcon_parallel_executor.executor.parallel:closing loop
[2.137s] DEBUG:colcon.colcon_parallel_executor.executor.parallel:loop closed
[2.137s] DEBUG:colcon.colcon_parallel_executor.executor.parallel:run_until_complete finished with '0'
[2.137s] DEBUG:colcon.colcon_core.event_reactor:joining thread
[2.151s] INFO:colcon.colcon_core.plugin_system:Skipping extension 'colcon_notification.desktop_notification.terminal_notifier': Not used on non-Darwin systems
[2.152s] INFO:colcon.colcon_core.plugin_system:Skipping extension 'colcon_notification.desktop_notification.win32': Not used on non-Windows systems
[2.152s] INFO:colcon.colcon_notification.desktop_notification:Sending desktop notification using 'notify2'
[2.178s] DEBUG:colcon.colcon_core.event_reactor:joined thread
[2.180s] INFO:colcon.colcon_core.shell:Creating prefix script '/home/erik/ros2_ws/install/local_setup.ps1'
[2.183s] INFO:colcon.colcon_core.shell:Creating prefix util module '/home/erik/ros2_ws/install/_local_setup_util_ps1.py'
[2.188s] INFO:colcon.colcon_core.shell:Creating prefix chain script '/home/erik/ros2_ws/install/setup.ps1'
[2.190s] INFO:colcon.colcon_core.shell:Creating prefix script '/home/erik/ros2_ws/install/local_setup.sh'
[2.192s] INFO:colcon.colcon_core.shell:Creating prefix util module '/home/erik/ros2_ws/install/_local_setup_util_sh.py'
[2.195s] INFO:colcon.colcon_core.shell:Creating prefix chain script '/home/erik/ros2_ws/install/setup.sh'
[2.199s] INFO:colcon.colcon_core.shell:Creating prefix script '/home/erik/ros2_ws/install/local_setup.bash'
[2.201s] INFO:colcon.colcon_core.shell:Creating prefix chain script '/home/erik/ros2_ws/install/setup.bash'
[2.204s] INFO:colcon.colcon_core.shell:Creating prefix script '/home/erik/ros2_ws/install/local_setup.zsh'
[2.205s] INFO:colcon.colcon_core.shell:Creating prefix chain script '/home/erik/ros2_ws/install/setup.zsh'
